The system is: Windows - 10.0.18362 - AMD64
Compiling the C compiler identification source file "CMakeCCompilerId.c" succeeded.
Compiler: C:/Program Files (x86)/Microsoft Visual Studio/2019/Community/VC/Tools/MSVC/14.24.28314/bin/Hostx64/x86/cl.exe 
Build flags: 
Id flags:  

The output was:
0
Microsoft (R) C/C++ Optimizing Compiler Version 19.24.28316 for x86
Copyright (C) Microsoft Corporation.  All rights reserved.

CMakeCCompilerId.c
Microsoft (R) Incremental Linker Version 14.24.28316.0
Copyright (C) Microsoft Corporation.  All rights reserved.

/out:CMakeCCompilerId.exe 
CMakeCCompilerId.obj 


Compilation of the C compiler identification source "CMakeCCompilerId.c" produced "CMakeCCompilerId.exe"

Compilation of the C compiler identification source "CMakeCCompilerId.c" produced "CMakeCCompilerId.obj"

The C compiler identification is MSVC, found in "C:/Users/Kyle/Documents/2DGames/RPG/deps/tmxlite-1.1.0/OpenGLExample/build/CMakeFiles/3.17.0-rc2/CompilerIdC/CMakeCCompilerId.exe"

Compiling the CXX compiler identification source file "CMakeCXXCompilerId.cpp" succeeded.
Compiler: C:/Program Files (x86)/Microsoft Visual Studio/2019/Community/VC/Tools/MSVC/14.24.28314/bin/Hostx64/x86/cl.exe 
Build flags: 
Id flags:  

The output was:
0
Microsoft (R) C/C++ Optimizing Compiler Version 19.24.28316 for x86
Copyright (C) Microsoft Corporation.  All rights reserved.

CMakeCXXCompilerId.cpp
Microsoft (R) Incremental Linker Version 14.24.28316.0
Copyright (C) Microsoft Corporation.  All rights reserved.

/out:CMakeCXXCompilerId.exe 
CMakeCXXCompilerId.obj 


Compilation of the CXX compiler identification source "CMakeCXXCompilerId.cpp" produced "CMakeCXXCompilerId.exe"

Compilation of the CXX compiler identification source "CMakeCXXCompilerId.cpp" produced "CMakeCXXCompilerId.obj"

The CXX compiler identification is MSVC, found in "C:/Users/Kyle/Documents/2DGames/RPG/deps/tmxlite-1.1.0/OpenGLExample/build/CMakeFiles/3.17.0-rc2/CompilerIdCXX/CMakeCXXCompilerId.exe"

Determining if the C compiler works passed with the following output:
Change Dir: C:/Users/Kyle/Documents/2DGames/RPG/deps/tmxlite-1.1.0/OpenGLExample/build/CMakeFiles/CMakeTmp

Run Build Command(s):C:/PROGRA~1/ninja.exe cmTC_84e06 && [1/2] Building C object CMakeFiles\cmTC_84e06.dir\testCCompiler.c.obj
[2/2] Linking C executable cmTC_84e06.exe



Detecting C compiler ABI info compiled with the following output:
Change Dir: C:/Users/Kyle/Documents/2DGames/RPG/deps/tmxlite-1.1.0/OpenGLExample/build/CMakeFiles/CMakeTmp

Run Build Command(s):C:/PROGRA~1/ninja.exe cmTC_2032e && [1/2] Building C object CMakeFiles\cmTC_2032e.dir\CMakeCCompilerABI.c.obj
[2/2] Linking C executable cmTC_2032e.exe



Determining if the CXX compiler works passed with the following output:
Change Dir: C:/Users/Kyle/Documents/2DGames/RPG/deps/tmxlite-1.1.0/OpenGLExample/build/CMakeFiles/CMakeTmp

Run Build Command(s):C:/PROGRA~1/ninja.exe cmTC_96a68 && [1/2] Building CXX object CMakeFiles\cmTC_96a68.dir\testCXXCompiler.cxx.obj
[2/2] Linking CXX executable cmTC_96a68.exe



Detecting CXX compiler ABI info compiled with the following output:
Change Dir: C:/Users/Kyle/Documents/2DGames/RPG/deps/tmxlite-1.1.0/OpenGLExample/build/CMakeFiles/CMakeTmp

Run Build Command(s):C:/PROGRA~1/ninja.exe cmTC_3bfd5 && [1/2] Building CXX object CMakeFiles\cmTC_3bfd5.dir\CMakeCXXCompilerABI.cpp.obj
[2/2] Linking CXX executable cmTC_3bfd5.exe



