Performing C SOURCE FILE Test HAVE_XINPUT_GAMEPAD_EX failed with the following output:
Change Dir: C:/Users/Kyle/Documents/2DGames/Pong/subprojects/SDL2-2.0.10/build/CMakeFiles/CMakeTmp

Run Build Command(s):C:/Program Files (x86)/Microsoft Visual Studio/2019/Community/MSBuild/Current/Bin/MSBuild.exe cmTC_7b140.vcxproj /p:Configuration=Debug /p:Platform=x64 /p:VisualStudioVersion=16.0 /v:m && Microsoft (R) Build Engine version 16.3.0+0f4c62fea for .NET Framework
Copyright (C) Microsoft Corporation. All rights reserved.

  Microsoft (R) C/C++ Optimizing Compiler Version 19.23.28105.4 for x64
  src.c
  Copyright (C) Microsoft Corporation.  All rights reserved.
  cl /c /Zi /W3 /WX- /diagnostics:column /Od /Ob0 /D WIN32 /D _WINDOWS /D HAVE_XINPUT_GAMEPAD_EX /D "CMAKE_INTDIR=\"Debug\"" /D _MBCS /Gm- /RTC1 /MDd /GS /fp:precise /Zc:wchar_t /Zc:forScope /Zc:inline /Fo"cmTC_7b140.dir\Debug\\" /Fd"cmTC_7b140.dir\Debug\vc142.pdb" /Gd /TC /errorReport:queue "C:\Users\Kyle\Documents\2DGames\Pong\subprojects\SDL2-2.0.10\build\CMakeFiles\CMakeTmp\src.c"
C:\Users\Kyle\Documents\2DGames\Pong\subprojects\SDL2-2.0.10\build\CMakeFiles\CMakeTmp\src.c(4,27): error C2061: syntax error: identifier 'x1' [C:\Users\Kyle\Documents\2DGames\Pong\subprojects\SDL2-2.0.10\build\CMakeFiles\CMakeTmp\cmTC_7b140.vcxproj]
C:\Users\Kyle\Documents\2DGames\Pong\subprojects\SDL2-2.0.10\build\CMakeFiles\CMakeTmp\src.c(4,27): error C2059: syntax error: ';' [C:\Users\Kyle\Documents\2DGames\Pong\subprojects\SDL2-2.0.10\build\CMakeFiles\CMakeTmp\cmTC_7b140.vcxproj]


Source file was:

        #include <windows.h>
        #include <xinput.h>
        XINPUT_GAMEPAD_EX x1;
        int main(int argc, char **argv) { }
Performing C SOURCE FILE Test HAVE_XINPUT_STATE_EX failed with the following output:
Change Dir: C:/Users/Kyle/Documents/2DGames/Pong/subprojects/SDL2-2.0.10/build/CMakeFiles/CMakeTmp

Run Build Command(s):C:/Program Files (x86)/Microsoft Visual Studio/2019/Community/MSBuild/Current/Bin/MSBuild.exe cmTC_02017.vcxproj /p:Configuration=Debug /p:Platform=x64 /p:VisualStudioVersion=16.0 /v:m && Microsoft (R) Build Engine version 16.3.0+0f4c62fea for .NET Framework
Copyright (C) Microsoft Corporation. All rights reserved.

  Microsoft (R) C/C++ Optimizing Compiler Version 19.23.28105.4 for x64
  src.c
  Copyright (C) Microsoft Corporation.  All rights reserved.
  cl /c /Zi /W3 /WX- /diagnostics:column /Od /Ob0 /D WIN32 /D _WINDOWS /D HAVE_XINPUT_STATE_EX /D "CMAKE_INTDIR=\"Debug\"" /D _MBCS /Gm- /RTC1 /MDd /GS /fp:precise /Zc:wchar_t /Zc:forScope /Zc:inline /Fo"cmTC_02017.dir\Debug\\" /Fd"cmTC_02017.dir\Debug\vc142.pdb" /Gd /TC /errorReport:queue "C:\Users\Kyle\Documents\2DGames\Pong\subprojects\SDL2-2.0.10\build\CMakeFiles\CMakeTmp\src.c"
C:\Users\Kyle\Documents\2DGames\Pong\subprojects\SDL2-2.0.10\build\CMakeFiles\CMakeTmp\src.c(4,25): error C2061: syntax error: identifier 's1' [C:\Users\Kyle\Documents\2DGames\Pong\subprojects\SDL2-2.0.10\build\CMakeFiles\CMakeTmp\cmTC_02017.vcxproj]
C:\Users\Kyle\Documents\2DGames\Pong\subprojects\SDL2-2.0.10\build\CMakeFiles\CMakeTmp\src.c(4,25): error C2059: syntax error: ';' [C:\Users\Kyle\Documents\2DGames\Pong\subprojects\SDL2-2.0.10\build\CMakeFiles\CMakeTmp\cmTC_02017.vcxproj]


Source file was:

        #include <windows.h>
        #include <xinput.h>
        XINPUT_STATE_EX s1;
        int main(int argc, char **argv) { }
